 INFO authlog: authlog: initialized
 INFO authlog: authlog: initialized
 INFO authlog: authlog: initialized
 INFO authlog: authlog: initialized
 INFO authlog: authlog: #<User:0x0000000295c9f8> accessed notes
 INFO authlog: authlog: initialized
 INFO authlog: authlog: Fielding Johnston accessed notes
 INFO authlog: authlog: initialized
 INFO authlog: authlog: Fielding Johnston accessed notes
 INFO authlog: authlog: Fielding Johnston accessed notes
 INFO authlog: authlog: Fielding Johnston accessed notes
 INFO authlog: authlog: Fielding Johnston accessed notes
 INFO authlog: authlog: Fielding Johnston accessed notes
 INFO authlog: authlog: initialized
 INFO authlog: authlog: name successfully authorized
 INFO authlog: authlog: name successfully authorized
 INFO authlog: authlog: Jeffrey Carpenter accessed notes
 INFO authlog: authlog: name successfully authorized
 INFO authlog: authlog: name successfully authorized
 INFO authlog: authlog: initialized
 INFO authlog: authlog: Fielding Johnston successfully authorized
 INFO authlog: authlog: fieldnote initialized
 INFO authlog: authlog: Fielding Johnston successfully authorized
 INFO authlog: authlog: fieldnote initialized
 INFO authlog: authlog:  logging out
 INFO authlog: authlog: Fielding Johnston successfully authorized
 INFO authlog: authlog: fieldnote initialized
 INFO authlog: authlog: Fielding Johnston logging out
 INFO authlog: authlog: Fielding Johnston successfully authorized
 INFO authlog: authlog: Fielding Johnston accessed notes
 INFO authlog: authlog: fieldnote initialized
 INFO authlog: authlog: Fielding Johnston accessed notes
 INFO authlog: authlog: fieldnote initialized
 INFO authlog: authlog: Fielding Johnston accessed notes
 INFO authlog: authlog: Fielding Johnston accessed notes
 INFO authlog: authlog: Fielding Johnston accessed notes
 INFO authlog: authlog: fieldnote initialized
 INFO authlog: authlog: fieldnote initialized
 INFO authlog: authlog: fieldnote initialized
 INFO authlog: authlog: fieldnote initialized
 INFO authlog: authlog: fieldnote initialized
 INFO authlog: authlog: fieldnote initialized
 INFO authlog: authlog: fieldnote initialized
 INFO authlog: authlog: fieldnote initialized
 INFO authlog: authlog: fieldnote initialized
 INFO authlog: authlog: fieldnote initialized
 INFO authlog: authlog: fieldnote initialized
 INFO authlog: authlog: fieldnote initialized
 INFO authlog: authlog: fieldnote initialized
 INFO authlog: authlog: fieldnote initialized
 INFO authlog: authlog: fieldnote initialized
 INFO authlog: authlog: fieldnote initialized
 INFO authlog: authlog: fieldnote initialized
 INFO authlog: authlog: fieldnote initialized
 INFO authlog: authlog: fieldnote initialized
 INFO authlog: authlog: fieldnote initialized
 INFO authlog: authlog: fieldnote initialized
 INFO authlog: authlog: fieldnote initialized
 INFO authlog: authlog: fieldnote initialized
 INFO authlog: authlog: fieldnote initialized
 INFO authlog: authlog: fieldnote initialized
 INFO authlog: authlog: fieldnote initialized
 INFO authlog: authlog: fieldnote initialized
 INFO authlog: authlog: fieldnote initialized
 INFO authlog: authlog: fieldnote initialized
 INFO authlog: authlog: fieldnote initialized
 INFO authlog: authlog: fieldnote initialized
 INFO authlog: authlog: fieldnote initialized
 INFO authlog: authlog: fieldnote initialized
 INFO authlog: authlog: fieldnote initialized
 INFO authlog: authlog: fieldnote initialized
 INFO authlog: authlog: fieldnote initialized
 INFO authlog: authlog: fieldnote initialized
 INFO authlog: authlog: fieldnote initialized
 INFO authlog: authlog: fieldnote initialized
 INFO authlog: authlog: fieldnote initialized
 INFO authlog: authlog: fieldnote initialized
 INFO authlog: authlog: fieldnote initialized
 INFO authlog: authlog: fieldnote initialized
 INFO authlog: authlog: fieldnote initialized
 INFO authlog: authlog: fieldnote initialized
 INFO authlog: authlog: fieldnote initialized
 INFO authlog: authlog: fieldnote initialized
 INFO authlog: authlog: Fielding Johnston accessed notes
 INFO authlog: authlog: fieldnote initialized
 INFO authlog: authlog: Fielding Johnston accessed notes
 INFO authlog: authlog: fieldnote initialized
 INFO authlog: authlog: fieldnote initialized
 INFO authlog: authlog: fieldnote initialized
 INFO authlog: authlog: fieldnote initialized
 INFO authlog: authlog: fieldnote initialized
 INFO authlog: authlog: fieldnote initialized
 INFO authlog: authlog: fieldnote initialized
 INFO authlog: authlog: fieldnote initialized
 INFO authlog: authlog: fieldnote initialized
 INFO authlog: authlog: fieldnote initialized
 INFO authlog: authlog: Fielding Johnston accessed notes
 INFO authlog: authlog: fieldnote initialized
 INFO authlog: authlog: Fielding Johnston accessed notes
 INFO authlog: authlog: fieldnote initialized
 INFO authlog: authlog: Fielding Johnston accessed notes
 INFO authlog: authlog: fieldnote initialized
 INFO authlog: authlog: fieldnote initialized
 INFO authlog: authlog: fieldnote initialized
 INFO authlog: authlog: fieldnote initialized
 INFO authlog: authlog: fieldnote initialized
 INFO authlog: authlog: fieldnote initialized
 INFO authlog: authlog: fieldnote initialized
 INFO authlog: authlog: fieldnote initialized
 INFO authlog: authlog: fieldnote initialized
 INFO authlog: authlog: fieldnote initialized
 INFO authlog: authlog: fieldnote initialized
 INFO authlog: authlog: fieldnote initialized
 INFO authlog: authlog: fieldnote initialized
 INFO authlog: authlog: fieldnote initialized
 INFO authlog: authlog: fieldnote initialized
 INFO authlog: authlog: fieldnote initialized
 INFO authlog: authlog: fieldnote initialized
 INFO authlog: authlog: fieldnote initialized
 INFO authlog: authlog: fieldnote initialized
 INFO authlog: authlog: fieldnote initialized
 INFO authlog: authlog: fieldnote initialized
 INFO authlog: authlog: fieldnote initialized
 INFO authlog: authlog: fieldnote initialized
 INFO authlog: authlog: fieldnote initialized
 INFO authlog: authlog: fieldnote initialized
 INFO authlog: authlog: fieldnote initialized
 INFO authlog: authlog: fieldnote initialized
 INFO authlog: authlog: fieldnote initialized
 INFO authlog: authlog: fieldnote initialized
 INFO authlog: authlog: fieldnote initialized
 INFO authlog: authlog: fieldnote initialized
 INFO authlog: authlog: fieldnote initialized
 INFO authlog: authlog: fieldnote initialized
 INFO authlog: authlog: fieldnote initialized
 INFO authlog: authlog: fieldnote initialized
 INFO authlog: authlog: fieldnote initialized
 INFO authlog: authlog: fieldnote initialized
 INFO authlog: authlog: fieldnote initialized
 INFO authlog: authlog: Fielding Johnston accessed notes
 INFO authlog: authlog: fieldnote initialized
 INFO authlog: authlog: fieldnote initialized
 INFO authlog: authlog: fieldnote initialized
 INFO authlog: authlog: fieldnote initialized
 INFO authlog: authlog: Fielding Johnston accessed notes
 INFO authlog: authlog: fieldnote initialized
 INFO authlog: authlog: fieldnote initialized
 INFO authlog: authlog: fieldnote initialized
 INFO authlog: authlog: fieldnote initialized
 INFO authlog: authlog: Fielding Johnston accessed notes
 INFO authlog: authlog: fieldnote initialized
 INFO authlog: authlog: fieldnote initialized
 INFO authlog: authlog: fieldnote initialized
 INFO authlog: authlog: fieldnote initialized
 INFO authlog: authlog: fieldnote initialized
 INFO authlog: authlog: fieldnote initialized
 INFO authlog: authlog: fieldnote initialized
 INFO authlog: authlog: fieldnote initialized
 INFO authlog: authlog: fieldnote initialized
 INFO authlog: authlog: fieldnote initialized
 INFO authlog: authlog: fieldnote initialized
 INFO authlog: authlog: fieldnote initialized
 INFO authlog: authlog: fieldnote initialized
 INFO authlog: authlog: fieldnote initialized
 INFO authlog: authlog: fieldnote initialized
 INFO authlog: authlog: fieldnote initialized
 INFO authlog: authlog: fieldnote initialized
 INFO authlog: authlog: fieldnote initialized
 INFO authlog: authlog: fieldnote initialized
 INFO authlog: authlog: fieldnote initialized
 INFO authlog: authlog: fieldnote initialized
 INFO authlog: authlog: fieldnote initialized
 INFO authlog: authlog: fieldnote initialized
 INFO authlog: authlog: fieldnote initialized
 INFO authlog: authlog: fieldnote initialized
 INFO authlog: authlog: fieldnote initialized
 INFO authlog: authlog: fieldnote initialized
 INFO authlog: authlog: fieldnote initialized
 INFO authlog: authlog: fieldnote initialized
 INFO authlog: authlog: fieldnote initialized
 INFO authlog: authlog: fieldnote initialized
 INFO authlog: authlog: fieldnote initialized
 INFO authlog: authlog: fieldnote initialized
 INFO authlog: authlog: fieldnote initialized
 INFO authlog: authlog: fieldnote initialized
 INFO authlog: authlog: fieldnote initialized
 INFO authlog: authlog: fieldnote initialized
 INFO authlog: authlog: fieldnote initialized
 INFO authlog: authlog: fieldnote initialized
 INFO authlog: authlog: fieldnote initialized
 INFO authlog: authlog: fieldnote initialized
 INFO authlog: authlog: fieldnote initialized
 INFO authlog: authlog: fieldnote initialized
 INFO authlog: authlog: fieldnote initialized
 INFO authlog: authlog: fieldnote initialized
 INFO authlog: authlog: fieldnote initialized
 INFO authlog: authlog: fieldnote initialized
 INFO authlog: authlog: fieldnote initialized
 INFO authlog: authlog: fieldnote initialized
 INFO authlog: authlog: Fielding Johnston accessed notes
 INFO authlog: authlog: fieldnote initialized
 INFO authlog: authlog: fieldnote initialized
 INFO authlog: authlog: fieldnote initialized
 INFO authlog: authlog: fieldnote initialized
 INFO authlog: authlog: fieldnote initialized
 INFO authlog: authlog: fieldnote initialized
 INFO authlog: authlog: fieldnote initialized
 INFO authlog: authlog: fieldnote initialized
 INFO authlog: authlog: fieldnote initialized
 INFO authlog: authlog: fieldnote initialized
 INFO authlog: authlog: fieldnote initialized
 INFO authlog: authlog: fieldnote initialized
 INFO authlog: authlog: fieldnote initialized
 INFO authlog: authlog: fieldnote initialized
 INFO authlog: authlog: fieldnote initialized
 INFO authlog: authlog: Jeffrey Carpenter successfully authorized
 INFO authlog: authlog: fieldnote initialized
 INFO authlog: authlog: fieldnote initialized
 INFO authlog: authlog: Jeffrey Carpenter accessed notes
 INFO authlog: authlog: fieldnote initialized
 INFO authlog: authlog: fieldnote initialized
 INFO authlog: authlog: fieldnote initialized
 INFO authlog: authlog: fieldnote initialized
 INFO authlog: authlog: fieldnote initialized
 INFO authlog: authlog: fieldnote initialized
 INFO authlog: authlog: fieldnote initialized
 INFO authlog: authlog: fieldnote initialized
 INFO authlog: authlog: fieldnote initialized
 INFO authlog: authlog: fieldnote initialized
 INFO authlog: authlog: fieldnote initialized
 INFO authlog: authlog: fieldnote initialized
 INFO authlog: authlog: Fielding Johnston accessed notes
 INFO authlog: authlog: fieldnote initialized
 INFO authlog: authlog: Fielding Johnston accessed notes
 INFO authlog: authlog: fieldnote initialized
 INFO authlog: authlog: fieldnote initialized
 INFO authlog: authlog: fieldnote initialized
 INFO authlog: authlog: fieldnote initialized
 INFO authlog: authlog: fieldnote initialized
 INFO authlog: authlog: fieldnote initialized
 INFO authlog: authlog: fieldnote initialized
 INFO authlog: authlog: fieldnote initialized
 INFO authlog: authlog: fieldnote initialized
 INFO authlog: authlog: fieldnote initialized
 INFO authlog: authlog: fieldnote initialized
 INFO authlog: authlog: fieldnote initialized
 INFO authlog: authlog: fieldnote initialized
 INFO authlog: authlog: Fielding Johnston successfully authorized
 INFO authlog: authlog: fieldnote initialized
 INFO authlog: authlog: fieldnote initialized
 INFO authlog: authlog: Fielding Johnston accessed notes
 INFO authlog: authlog: fieldnote initialized
 INFO authlog: authlog: fieldnote initialized
 INFO authlog: authlog: fieldnote initialized
 INFO authlog: authlog: fieldnote initialized
 INFO authlog: authlog: fieldnote initialized
 INFO authlog: authlog: fieldnote initialized
 INFO authlog: authlog: fieldnote initialized
 INFO authlog: authlog: fieldnote initialized
 INFO authlog: authlog: fieldnote initialized
 INFO authlog: authlog: fieldnote initialized
 INFO authlog: authlog: fieldnote initialized
 INFO authlog: authlog: fieldnote initialized
 INFO authlog: authlog: fieldnote initialized
 INFO authlog: authlog: fieldnote initialized
 INFO authlog: authlog: Fielding Johnston accessed notes
 INFO authlog: authlog: fieldnote initialized
 INFO authlog: authlog: fieldnote initialized
 INFO authlog: authlog: fieldnote initialized
 INFO authlog: authlog: fieldnote initialized
 INFO authlog: authlog: fieldnote initialized
 INFO authlog: authlog: fieldnote initialized
 INFO authlog: authlog: fieldnote initialized
 INFO authlog: authlog: fieldnote initialized
 INFO authlog: authlog: fieldnote initialized
 INFO authlog: authlog: fieldnote initialized
 INFO authlog: authlog: fieldnote initialized
 INFO authlog: authlog: fieldnote initialized
 INFO authlog: authlog: fieldnote initialized
 INFO authlog: authlog: fieldnote initialized
 INFO authlog: authlog: fieldnote initialized
 INFO authlog: authlog: fieldnote initialized
 INFO authlog: authlog: fieldnote initialized
